Determining if the pthread_create exist failed with the following output:
Change Dir: /home/ankit/udacity-git-course/AuE893Spring20_AnkitVerma/catkin_ws/build/CMakeFiles/CMakeTmp

Run Build Command:"/usr/bin/make" "cmTC_1cbcc/fast"
/usr/bin/make -f CMakeFiles/cmTC_1cbcc.dir/build.make CMakeFiles/cmTC_1cbcc.dir/build
make[1]: Entering directory '/home/ankit/udacity-git-course/AuE893Spring20_AnkitVerma/catkin_ws/build/CMakeFiles/CMakeTmp'
Building C object CMakeFiles/cmTC_1cbcc.dir/CheckSymbolExists.c.o
/usr/bin/cc     -o CMakeFiles/cmTC_1cbcc.dir/CheckSymbolExists.c.o   -c /home/ankit/udacity-git-course/AuE893Spring20_AnkitVerma/catkin_ws/build/CMakeFiles/CMakeTmp/CheckSymbolExists.c
Linking C executable cmTC_1cbcc
/usr/bin/cmake -E cmake_link_script CMakeFiles/cmTC_1cbcc.dir/link.txt --verbose=1
/usr/bin/cc       CMakeFiles/cmTC_1cbcc.dir/CheckSymbolExists.c.o  -o cmTC_1cbcc -rdynamic 
CMakeFiles/cmTC_1cbcc.dir/CheckSymbolExists.c.o: In function `main':
CheckSymbolExists.c:(.text+0x16): undefined reference to `pthread_create'
collect2: error: ld returned 1 exit status
CMakeFiles/cmTC_1cbcc.dir/build.make:97: recipe for target 'cmTC_1cbcc' failed
make[1]: *** [cmTC_1cbcc] Error 1
make[1]: Leaving directory '/home/ankit/udacity-git-course/AuE893Spring20_AnkitVerma/catkin_ws/build/CMakeFiles/CMakeTmp'
Makefile:126: recipe for target 'cmTC_1cbcc/fast' failed
make: *** [cmTC_1cbcc/fast] Error 2

File /home/ankit/udacity-git-course/AuE893Spring20_AnkitVerma/catkin_ws/build/CMakeFiles/CMakeTmp/CheckSymbolExists.c:
/* */
#include <pthread.h>

int main(int argc, char** argv)
{
  (void)argv;
#ifndef pthread_create
  return ((int*)(&pthread_create))[argc];
#else
  (void)argc;
  return 0;
#endif
}

Determining if the function pthread_create exists in the pthreads failed with the following output:
Change Dir: /home/ankit/udacity-git-course/AuE893Spring20_AnkitVerma/catkin_ws/build/CMakeFiles/CMakeTmp

Run Build Command:"/usr/bin/make" "cmTC_db565/fast"
/usr/bin/make -f CMakeFiles/cmTC_db565.dir/build.make CMakeFiles/cmTC_db565.dir/build
make[1]: Entering directory '/home/ankit/udacity-git-course/AuE893Spring20_AnkitVerma/catkin_ws/build/CMakeFiles/CMakeTmp'
Building C object CMakeFiles/cmTC_db565.dir/CheckFunctionExists.c.o
/usr/bin/cc    -DCHECK_FUNCTION_EXISTS=pthread_create   -o CMakeFiles/cmTC_db565.dir/CheckFunctionExists.c.o   -c /usr/share/cmake-3.5/Modules/CheckFunctionExists.c
Linking C executable cmTC_db565
/usr/bin/cmake -E cmake_link_script CMakeFiles/cmTC_db565.dir/link.txt --verbose=1
/usr/bin/cc   -DCHECK_FUNCTION_EXISTS=pthread_create    CMakeFiles/cmTC_db565.dir/CheckFunctionExists.c.o  -o cmTC_db565 -rdynamic -lpthreads 
/usr/bin/ld: cannot find -lpthreads
collect2: error: ld returned 1 exit status
CMakeFiles/cmTC_db565.dir/build.make:97: recipe for target 'cmTC_db565' failed
make[1]: *** [cmTC_db565] Error 1
make[1]: Leaving directory '/home/ankit/udacity-git-course/AuE893Spring20_AnkitVerma/catkin_ws/build/CMakeFiles/CMakeTmp'
Makefile:126: recipe for target 'cmTC_db565/fast' failed
make: *** [cmTC_db565/fast] Error 2


